<?xml version="1.0" encoding="UTF-8"?>
<!-- Generated by org.testng.reporters.JUnitReportReporter -->
<testsuite hostname="SAURABH" failures="0" tests="2" name="libil.tastcases.TC06AddRequest" time="20.598" errors="0" timestamp="2023-11-18T15:17:43 IST" skipped="0">
  <testcase classname="libil.tastcases.TC06AddRequest" name="login" time="9.465"/>
  <system-out/>
  <testcase classname="libil.tastcases.TC06AddRequest" name="addRequest" time="11.133"/>
  <system-out/>
</testsuite> <!-- libil.tastcases.TC06AddRequest -->
