<?xml version="1.0" encoding="UTF-8"?>
<!-- Generated by org.testng.reporters.JUnitReportReporter -->
<testsuite hostname="SAURABH" failures="0" tests="2" name="libil.tastcases.TC06CompAddRequest" time="22.197" errors="0" timestamp="2023-11-28T11:07:50 IST" skipped="0">
  <testcase classname="libil.tastcases.TC06CompAddRequest" name="addRequest" time="11.558"/>
  <system-out/>
  <testcase classname="libil.tastcases.TC06CompAddRequest" name="login" time="10.639"/>
  <system-out/>
</testsuite> <!-- libil.tastcases.TC06CompAddRequest -->
