<?xml version="1.0" encoding="UTF-8"?>
<!-- Generated by org.testng.reporters.JUnitReportReporter -->
<testsuite hostname="SAURABH" failures="0" tests="1" name="libil.tastcases.TC19VerifyAdminDashBoard" time="12.604" errors="0" timestamp="2023-11-28T11:36:54 IST" skipped="0">
  <testcase classname="libil.tastcases.TC19VerifyAdminDashBoard" name="adminDashBoard" time="12.604"/>
  <system-out/>
</testsuite> <!-- libil.tastcases.TC19VerifyAdminDashBoard -->
