<?xml version="1.0" encoding="UTF-8"?>
<!-- Generated by org.testng.reporters.JUnitReportReporter -->
<testsuite hostname="SAURABH" failures="0" tests="1" name="libil.Test.TC20SearchTabDashboard" time="28.058" errors="0" timestamp="2023-12-11T14:57:09 IST" skipped="0">
  <testcase classname="libil.Test.TC20SearchTabDashboard" name="searchTab" time="28.058"/>
  <system-out/>
</testsuite> <!-- libil.Test.TC20SearchTabDashboard -->
