<?xml version="1.0" encoding="UTF-8"?>
<!-- Generated by org.testng.reporters.JUnitReportReporter -->
<testsuite hostname="SAURABH" failures="0" tests="1" name="libil.Test.TC07IndiAddRequest" time="31.834" errors="0" timestamp="2023-12-11T14:52:48 IST" skipped="0">
  <testcase classname="libil.Test.TC07IndiAddRequest" name="individualRequest" time="31.834"/>
  <system-out/>
</testsuite> <!-- libil.Test.TC07IndiAddRequest -->
