<?xml version="1.0" encoding="UTF-8"?>
<!-- Generated by org.testng.reporters.JUnitReportReporter -->
<testsuite hostname="SAURABH" failures="0" tests="1" name="libil.Test.TC19VerifyAdminDashBoard" time="13.387" errors="0" timestamp="2023-12-11T14:53:53 IST" skipped="0">
  <testcase classname="libil.Test.TC19VerifyAdminDashBoard" name="adminDashBoard" time="13.387"/>
  <system-out/>
</testsuite> <!-- libil.Test.TC19VerifyAdminDashBoard -->
