<?xml version="1.0" encoding="UTF-8"?>
<!-- Generated by org.testng.reporters.JUnitReportReporter -->
<testsuite hostname="SAURABH" failures="0" tests="2" name="libil.tastcases.Demo22" time="29.568" errors="0" timestamp="2023-11-30T16:07:00 IST" skipped="0">
  <testcase classname="libil.tastcases.Demo22" name="reportGeneration" time="22.157"/>
  <system-out/>
  <testcase classname="libil.tastcases.Demo22" name="adminLogIn" time="7.411"/>
  <system-out/>
</testsuite> <!-- libil.tastcases.Demo22 -->
