<?xml version="1.0" encoding="UTF-8"?>
<!-- Generated by org.testng.reporters.JUnitReportReporter -->
<testsuite hostname="SAURABH" failures="0" tests="2" name="libil.tastcases.TC07IndiAddRequest" time="34.066" errors="0" timestamp="2023-12-01T16:12:39 IST" skipped="0">
  <testcase classname="libil.tastcases.TC07IndiAddRequest" name="login" time="13.093"/>
  <system-out/>
  <testcase classname="libil.tastcases.TC07IndiAddRequest" name="individualRequest" time="20.973"/>
  <system-out/>
</testsuite> <!-- libil.tastcases.TC07IndiAddRequest -->
