<?xml version="1.0" encoding="UTF-8"?>
<!-- Generated by org.testng.reporters.JUnitReportReporter -->
<testsuite hostname="SAURABH" failures="0" tests="1" name="libil.tastcases.TC01VerifyLogin" time="9.914" errors="0" timestamp="2023-11-28T17:02:27 IST" skipped="0">
  <testcase classname="libil.tastcases.TC01VerifyLogin" name="login" time="9.914"/>
  <system-out/>
</testsuite> <!-- libil.tastcases.TC01VerifyLogin -->
