<?xml version="1.0" encoding="UTF-8"?>
<!-- Generated by org.testng.reporters.JUnitReportReporter -->
<testsuite hostname="SAURABH" failures="0" tests="2" name="libil.tastcases.TC20SearchTabDashboard" time="21.392" errors="0" timestamp="2023-11-28T11:38:06 IST" skipped="0">
  <testcase classname="libil.tastcases.TC20SearchTabDashboard" name="searchTab" time="13.721"/>
  <system-out/>
  <testcase classname="libil.tastcases.TC20SearchTabDashboard" name="adminLogIn" time="7.671"/>
  <system-out/>
</testsuite> <!-- libil.tastcases.TC20SearchTabDashboard -->
