<?xml version="1.0" encoding="UTF-8"?>
<!-- Generated by org.testng.reporters.JUnitReportReporter -->
<testsuite hostname="SAURABH" failures="0" tests="1" name="libil.Test.TC22VerifyReportGeneration" time="242.310" errors="0" timestamp="2023-12-12T13:16:16 IST" skipped="0">
  <testcase classname="libil.Test.TC22VerifyReportGeneration" name="reportGeneration" time="242.310"/>
  <system-out/>
</testsuite> <!-- libil.Test.TC22VerifyReportGeneration -->
