<?xml version="1.0" encoding="UTF-8"?>
<!-- Generated by org.testng.reporters.JUnitReportReporter -->
<testsuite hostname="SAURABH" failures="0" tests="1" name="libil.tastcases.TC01" time="0.015" errors="0" timestamp="2023-11-17T19:42:26 IST" skipped="0">
  <testcase classname="libil.tastcases.TC01" name="launch" time="0.015"/>
  <system-out/>
</testsuite> <!-- libil.tastcases.TC01 -->
