<?xml version="1.0" encoding="UTF-8"?>
<!-- Generated by org.testng.reporters.JUnitReportReporter -->
<testsuite hostname="SAURABH" failures="0" tests="1" name="libil.Test.TC06CompAddRequest" time="26.778" errors="0" timestamp="2023-12-11T14:50:37 IST" skipped="0">
  <testcase classname="libil.Test.TC06CompAddRequest" name="addRequest" time="26.778"/>
  <system-out/>
</testsuite> <!-- libil.Test.TC06CompAddRequest -->
