<?xml version="1.0" encoding="UTF-8"?>
<!-- Generated by org.testng.reporters.JUnitReportReporter -->
<testsuite hostname="SAURABH" failures="0" tests="1" name="libil.tastcases.TC18VerifyAdminLogin" time="8.177" errors="0" timestamp="2023-11-28T18:11:12 IST" skipped="0">
  <testcase classname="libil.tastcases.TC18VerifyAdminLogin" name="adminLogIn" time="8.177"/>
  <system-out/>
</testsuite> <!-- libil.tastcases.TC18VerifyAdminLogin -->
